{
  "stats": {
    "suites": 1,
    "tests": 1,
    "passes": 0,
    "pending": 1,
    "failures": 0,
    "start": "2024-04-10T03:48:36.757Z",
    "end": "2024-04-10T03:49:02.011Z",
    "duration": 25254,
    "testsRegistered": 2,
    "passPercent": 0,
    "pendingPercent": 50,
    "other": 1,
    "hasOther": true,
    "skipped": 0,
    "hasSkipped": false
  },
  "results": [
    {
      "uuid": "a33993d4-f280-4728-9cc1-b0d07e6924de",
      "title": "",
      "fullFile": "cypress\\integration\\examples\\UITests\\DemoAutomationTesting.js",
      "file": "cypress\\integration\\examples\\UITests\\DemoAutomationTesting.js",
      "beforeHooks": [],
      "afterHooks": [],
      "tests": [],
      "suites": [
        {
          "uuid": "a3ea2fef-8eba-48c9-af60-2d757ea38e14",
          "title": "Test Suite",
          "fullFile": "",
          "file": "",
          "beforeHooks": [],
          "afterHooks": [],
          "tests": [
            {
              "title": "Nested Frames Switching Demo",
              "fullTitle": "Test Suite Nested Frames Switching Demo",
              "timedOut": null,
              "duration": 0,
              "state": "pending",
              "speed": null,
              "pass": false,
              "fail": false,
              "pending": true,
              "context": null,
              "code": "cy.xpath(\"//a[text()='Frames']\").click({\n  force: true\n});\ncy.xpath(\"//a[text()='Iframe with in an Iframe']\").click({\n  force: true\n});\ncy.get('div#Multiple>iframe').its('0.contentDocument').its('body').find(\"iframe[style='float: left;height: 250px;width: 400px']\").its('0.contentDocument').its('body').find(\"input[type='text']\").type('Frames');",
              "err": {},
              "uuid": "5f84a5f5-a13e-441f-8234-c4c84c509d2a",
              "parentUUID": "a3ea2fef-8eba-48c9-af60-2d757ea38e14",
              "isHook": false,
              "skipped": false
            },
            {
              "title": "Auto Completion Demo",
              "fullTitle": "Test Suite Auto Completion Demo",
              "timedOut": null,
              "duration": 10766,
              "state": "failed",
              "speed": null,
              "pass": false,
              "fail": true,
              "pending": false,
              "context": null,
              "code": "cy.xpath(\"//a[normalize-space(text())='AutoComplete']\").click({\n  force: true\n});\ncy.get('#searchbox').type(data.country);\ncy.xpath(\"//a[text()='India']\").then(ele => {\n  expect(ele.text()).to.equal('India');\n});",
              "err": {
                "message": "AssertionError: Timed out retrying after 6000ms: Expected to find element: `//a[text()='India']`, but never found it.",
                "estack": "AssertionError: Timed out retrying after 6000ms: Expected to find element: `//a[text()='India']`, but never found it.\n    at Context.eval (webpack://CypressAutomation/./cypress/integration/examples/UITests/DemoAutomationTesting.js:34:11)",
                "diff": null
              },
              "uuid": "cba69926-a88c-43bb-bc12-afa02c1d2fe6",
              "parentUUID": "a3ea2fef-8eba-48c9-af60-2d757ea38e14",
              "isHook": false,
              "skipped": false
            }
          ],
          "suites": [],
          "passes": [],
          "failures": [
            "cba69926-a88c-43bb-bc12-afa02c1d2fe6"
          ],
          "pending": [
            "5f84a5f5-a13e-441f-8234-c4c84c509d2a"
          ],
          "skipped": [],
          "duration": 10766,
          "root": false,
          "rootEmpty": false,
          "_timeout": 2000
        }
      ],
      "passes": [],
      "failures": [],
      "pending": [],
      "skipped": [],
      "duration": 0,
      "root": true,
      "rootEmpty": true,
      "_timeout": 2000
    }
  ],
  "meta": {
    "mocha": {
      "version": "7.0.1"
    },
    "mochawesome": {
      "options": {
        "quiet": false,
        "reportFilename": "mochawesome",
        "saveHtml": true,
        "saveJson": true,
        "consoleReporter": "spec",
        "useInlineDiffs": false,
        "code": true
      },
      "version": "7.1.3"
    },
    "marge": {
      "options": null,
      "version": "6.2.0"
    }
  }
}