{
  "stats": {
    "suites": 1,
    "tests": 1,
    "passes": 1,
    "pending": 0,
    "failures": 0,
    "start": "2024-01-16T04:16:16.069Z",
    "end": "2024-01-16T04:16:19.873Z",
    "duration": 3804,
    "testsRegistered": 1,
    "passPercent": 100,
    "pendingPercent": 0,
    "other": 0,
    "hasOther": false,
    "skipped": 0,
    "hasSkipped": false
  },
  "results": [
    {
      "uuid": "04f18cbd-ecc4-41cf-9910-c451d1c159ef",
      "title": "",
      "fullFile": "cypress\\integration\\examples\\APITests\\CypressInterceptMockingRequest.js",
      "file": "cypress\\integration\\examples\\APITests\\CypressInterceptMockingRequest.js",
      "beforeHooks": [],
      "afterHooks": [],
      "tests": [],
      "suites": [
        {
          "uuid": "16b107c2-13fb-47c6-88c4-09fa59ac0c43",
          "title": "Intercept Test Suite",
          "fullFile": "",
          "file": "",
          "beforeHooks": [],
          "afterHooks": [],
          "tests": [
            {
              "title": "Test-1",
              "fullTitle": "Intercept Test Suite Test-1",
              "timedOut": null,
              "duration": 987,
              "state": "passed",
              "speed": "fast",
              "pass": true,
              "fail": false,
              "pending": false,
              "context": null,
              "code": "cy.visit(\"https://rahulshettyacademy.com/angularAppdemo/\");\ncy.intercept('GET', 'https://rahulshettyacademy.com/Library/GetBook.php?AuthorName=shetty', req => {\n  req.url = 'https://rahulshettyacademy.com/Library/GetBook.php?AuthorName=malhotra';\n  req.continue(res => {\n    // expect(res.statusCode).to.equal(403);\n  });\n}).as(\"dummyUrl\");\ncy.get('.btn.btn-primary').click();\ncy.wait('@dummyUrl');",
              "err": {},
              "uuid": "acb14a53-37c2-44d9-94f6-ad228ad0f94d",
              "parentUUID": "16b107c2-13fb-47c6-88c4-09fa59ac0c43",
              "isHook": false,
              "skipped": false
            }
          ],
          "suites": [],
          "passes": [
            "acb14a53-37c2-44d9-94f6-ad228ad0f94d"
          ],
          "failures": [],
          "pending": [],
          "skipped": [],
          "duration": 987,
          "root": false,
          "rootEmpty": false,
          "_timeout": 2000
        }
      ],
      "passes": [],
      "failures": [],
      "pending": [],
      "skipped": [],
      "duration": 0,
      "root": true,
      "rootEmpty": true,
      "_timeout": 2000
    }
  ],
  "meta": {
    "mocha": {
      "version": "7.0.1"
    },
    "mochawesome": {
      "options": {
        "quiet": false,
        "reportFilename": "mochawesome",
        "saveHtml": true,
        "saveJson": true,
        "consoleReporter": "spec",
        "useInlineDiffs": false,
        "code": true
      },
      "version": "7.1.3"
    },
    "marge": {
      "options": null,
      "version": "6.2.0"
    }
  }
}