{
  "stats": {
    "suites": 1,
    "tests": 1,
    "passes": 1,
    "pending": 0,
    "failures": 0,
    "start": "2023-12-06T04:06:03.522Z",
    "end": "2023-12-06T04:06:16.016Z",
    "duration": 12494,
    "testsRegistered": 1,
    "passPercent": 100,
    "pendingPercent": 0,
    "other": 0,
    "hasOther": false,
    "skipped": 0,
    "hasSkipped": false
  },
  "results": [
    {
      "uuid": "654288fe-cc28-4534-b4b6-619120ced872",
      "title": "",
      "fullFile": "cypress\\integration\\examples\\UITests\\HerokuTests.js",
      "file": "cypress\\integration\\examples\\UITests\\HerokuTests.js",
      "beforeHooks": [],
      "afterHooks": [],
      "tests": [],
      "suites": [
        {
          "uuid": "b198fa16-ae5b-4ddc-a586-42bc5bbc25a6",
          "title": "Heroku Test suite",
          "fullFile": "",
          "file": "",
          "beforeHooks": [],
          "afterHooks": [],
          "tests": [
            {
              "title": "Test-Dynamic element loading",
              "fullTitle": "Heroku Test suite Test-Dynamic element loading",
              "timedOut": null,
              "duration": 8297,
              "state": "passed",
              "speed": "medium",
              "pass": true,
              "fail": false,
              "pending": false,
              "context": null,
              "code": "cy.get(\"a[href='/dynamic_loading/2']\").click();\ncy.get('#start>button').click();\ncy.get('#finish>h4').should('be.visible').then(function (ele) {\n  expect(ele.text()).to.contain('Hello World!');\n});",
              "err": {},
              "uuid": "3f53ec96-d7af-41eb-a9b6-eca45dc60123",
              "parentUUID": "b198fa16-ae5b-4ddc-a586-42bc5bbc25a6",
              "isHook": false,
              "skipped": false
            }
          ],
          "suites": [],
          "passes": [
            "3f53ec96-d7af-41eb-a9b6-eca45dc60123"
          ],
          "failures": [],
          "pending": [],
          "skipped": [],
          "duration": 8297,
          "root": false,
          "rootEmpty": false,
          "_timeout": 2000
        }
      ],
      "passes": [],
      "failures": [],
      "pending": [],
      "skipped": [],
      "duration": 0,
      "root": true,
      "rootEmpty": true,
      "_timeout": 2000
    }
  ],
  "meta": {
    "mocha": {
      "version": "7.0.1"
    },
    "mochawesome": {
      "options": {
        "quiet": false,
        "reportFilename": "mochawesome",
        "saveHtml": true,
        "saveJson": true,
        "consoleReporter": "spec",
        "useInlineDiffs": false,
        "code": true
      },
      "version": "7.1.3"
    },
    "marge": {
      "options": null,
      "version": "6.2.0"
    }
  }
}