{
  "stats": {
    "suites": 1,
    "tests": 2,
    "passes": 2,
    "pending": 0,
    "failures": 0,
    "start": "2024-10-02T03:41:01.717Z",
    "end": "2024-10-02T03:41:12.639Z",
    "duration": 10922,
    "testsRegistered": 2,
    "passPercent": 100,
    "pendingPercent": 0,
    "other": 0,
    "hasOther": false,
    "skipped": 0,
    "hasSkipped": false
  },
  "results": [
    {
      "uuid": "80ce0dcc-bce6-44a8-b062-992a434ef211",
      "title": "",
      "fullFile": "cypress\\integration\\examples\\UITests\\DemoAutomationTesting.js",
      "file": "cypress\\integration\\examples\\UITests\\DemoAutomationTesting.js",
      "beforeHooks": [],
      "afterHooks": [],
      "tests": [],
      "suites": [
        {
          "uuid": "77d7d6e9-dfca-4785-9ae9-3e943972b7f0",
          "title": "Test Suite",
          "fullFile": "",
          "file": "",
          "beforeHooks": [],
          "afterHooks": [],
          "tests": [
            {
              "title": "Nested Frames Switching Demo",
              "fullTitle": "Test Suite Nested Frames Switching Demo",
              "timedOut": null,
              "duration": 5530,
              "state": "passed",
              "speed": "medium",
              "pass": true,
              "fail": false,
              "pending": false,
              "context": null,
              "code": "cy.xpath(\"//a[text()='Frames']\").click({\n  force: true\n});\ncy.xpath(\"//a[text()='Iframe with in an Iframe']\").click({\n  force: true\n});\ncy.get('div#Multiple>iframe').its('0.contentDocument').its('body').find(\"iframe[style='float: left;height: 250px;width: 400px']\").its('0.contentDocument').its('body').find(\"input[type='text']\").type('Frames');",
              "err": {},
              "uuid": "8c392549-636d-4930-94a5-4f374ec6133c",
              "parentUUID": "77d7d6e9-dfca-4785-9ae9-3e943972b7f0",
              "isHook": false,
              "skipped": false
            },
            {
              "title": "Input Country Demo",
              "fullTitle": "Test Suite Input Country Demo",
              "timedOut": null,
              "duration": 2050,
              "state": "passed",
              "speed": "fast",
              "pass": true,
              "fail": false,
              "pending": false,
              "context": null,
              "code": "cy.xpath(\"//a[normalize-space(text())='AutoComplete']\").click({\n  force: true\n});\ncy.get('#searchbox').type(data.country);",
              "err": {},
              "uuid": "79375208-865a-40ff-9e2a-0a3f43c7f77f",
              "parentUUID": "77d7d6e9-dfca-4785-9ae9-3e943972b7f0",
              "isHook": false,
              "skipped": false
            }
          ],
          "suites": [],
          "passes": [
            "8c392549-636d-4930-94a5-4f374ec6133c",
            "79375208-865a-40ff-9e2a-0a3f43c7f77f"
          ],
          "failures": [],
          "pending": [],
          "skipped": [],
          "duration": 7580,
          "root": false,
          "rootEmpty": false,
          "_timeout": 2000
        }
      ],
      "passes": [],
      "failures": [],
      "pending": [],
      "skipped": [],
      "duration": 0,
      "root": true,
      "rootEmpty": true,
      "_timeout": 2000
    }
  ],
  "meta": {
    "mocha": {
      "version": "7.0.1"
    },
    "mochawesome": {
      "options": {
        "quiet": false,
        "reportFilename": "mochawesome",
        "saveHtml": true,
        "saveJson": true,
        "consoleReporter": "spec",
        "useInlineDiffs": false,
        "code": true
      },
      "version": "7.1.3"
    },
    "marge": {
      "options": null,
      "version": "6.2.0"
    }
  }
}