{
  "stats": {
    "suites": 1,
    "tests": 1,
    "passes": 0,
    "pending": 0,
    "failures": 1,
    "start": "2023-04-16T06:38:27.222Z",
    "end": "2023-04-16T06:38:29.041Z",
    "duration": 1819,
    "testsRegistered": 1,
    "passPercent": 0,
    "pendingPercent": 0,
    "other": 0,
    "hasOther": false,
    "skipped": 0,
    "hasSkipped": false
  },
  "results": [
    {
      "uuid": "8bc3eb78-6e27-4238-947d-6221e81b4712",
      "title": "",
      "fullFile": "cypress\\integration\\examples\\APITests\\APITestingWithCypress.js",
      "file": "cypress\\integration\\examples\\APITests\\APITestingWithCypress.js",
      "beforeHooks": [],
      "afterHooks": [],
      "tests": [],
      "suites": [
        {
          "uuid": "12789ad7-3504-4fcf-bf2f-ea7a9150ae73",
          "title": "API Test Suite",
          "fullFile": "",
          "file": "",
          "beforeHooks": [],
          "afterHooks": [],
          "tests": [
            {
              "title": "Test-1",
              "fullTitle": "API Test Suite Test-1",
              "timedOut": null,
              "duration": 816,
              "state": "failed",
              "speed": null,
              "pass": false,
              "fail": true,
              "pending": false,
              "context": null,
              "code": "//Change payload everytime to make it work\ncy.request('POST', 'http://216.10.245.166/Library/Addbook.php', {\n  \"name\": \"Appiumsrtrtt145\",\n  \"isbn\": \"xyzgetf\",\n  \"aisle\": \"238\",\n  \"author\": \"Deo Shaw\"\n}).then(function (response) {\n  expect(response.body).to.have.property('Msg', 'successfully added');\n  expect(response.status).to.equal(200);\n});",
              "err": {
                "message": "CypressError: `cy.request()` failed on:\n\nhttp://216.10.245.166/Library/Addbook.php\n\nThe response we received from your web server was:\n\n  > 404: Not Found\n\nThis was considered a failure because the status code was not `2xx` or `3xx`.\n\nIf you do not want status codes to cause failures pass the option: `failOnStatusCode: false`\n\n-----------------------------------------------------------\n\nThe request we sent was:\n\nMethod: POST\nURL: http://216.10.245.166/Library/Addbook.php\nHeaders: {\n  \"Connection\": \"keep-alive\",\n  \"user-agent\": \"Mozilla/5.0 (Windows NT 10.0; Win64; x64) AppleWebKit/537.36 (KHTML, like Gecko) Cypress/12.2.0 Chrome/106.0.5249.51 Electron/21.0.0 Safari/537.36\",\n  \"accept\": \"*/*\",\n  \"accept-encoding\": \"gzip, deflate\",\n  \"content-type\": \"application/json\",\n  \"content-length\": 77\n}\nBody: {\"name\":\"Appiumsrtrtt145\",\"isbn\":\"xyzgetf\",\"aisle\":\"238\",\"author\":\"Deo Shaw\"}\n\n-----------------------------------------------------------\n\nThe response we got was:\n\nStatus: 404 - Not Found\nHeaders: {\n  \"date\": \"Sun, 16 Apr 2023 06:37:09 GMT\",\n  \"server\": \"Apache\",\n  \"access-control-allow-origin\": \"*\",\n  \"access-control-allow-methods\": \"POST\",\n  \"access-control-max-age\": \"3600\",\n  \"access-control-allow-headers\": \"Content-Type, Access-Control-Allow-Headers, Authorization, X-Requested-With\",\n  \"keep-alive\": \"timeout=5, max=99\",\n  \"connection\": \"Keep-Alive\",\n  \"transfer-encoding\": \"chunked\",\n  \"content-type\": \"application/json;charset=UTF-8\"\n}\nBody: {\n  \"msg\": \"Add Book operation failed, looks like the book already exists\"\n}\n\n\nhttps://on.cypress.io/request",
                "estack": "CypressError: `cy.request()` failed on:\n\nhttp://216.10.245.166/Library/Addbook.php\n\nThe response we received from your web server was:\n\n  > 404: Not Found\n\nThis was considered a failure because the status code was not `2xx` or `3xx`.\n\nIf you do not want status codes to cause failures pass the option: `failOnStatusCode: false`\n\n-----------------------------------------------------------\n\nThe request we sent was:\n\nMethod: POST\nURL: http://216.10.245.166/Library/Addbook.php\nHeaders: {\n  \"Connection\": \"keep-alive\",\n  \"user-agent\": \"Mozilla/5.0 (Windows NT 10.0; Win64; x64) AppleWebKit/537.36 (KHTML, like Gecko) Cypress/12.2.0 Chrome/106.0.5249.51 Electron/21.0.0 Safari/537.36\",\n  \"accept\": \"*/*\",\n  \"accept-encoding\": \"gzip, deflate\",\n  \"content-type\": \"application/json\",\n  \"content-length\": 77\n}\nBody: {\"name\":\"Appiumsrtrtt145\",\"isbn\":\"xyzgetf\",\"aisle\":\"238\",\"author\":\"Deo Shaw\"}\n\n-----------------------------------------------------------\n\nThe response we got was:\n\nStatus: 404 - Not Found\nHeaders: {\n  \"date\": \"Sun, 16 Apr 2023 06:37:09 GMT\",\n  \"server\": \"Apache\",\n  \"access-control-allow-origin\": \"*\",\n  \"access-control-allow-methods\": \"POST\",\n  \"access-control-max-age\": \"3600\",\n  \"access-control-allow-headers\": \"Content-Type, Access-Control-Allow-Headers, Authorization, X-Requested-With\",\n  \"keep-alive\": \"timeout=5, max=99\",\n  \"connection\": \"Keep-Alive\",\n  \"transfer-encoding\": \"chunked\",\n  \"content-type\": \"application/json;charset=UTF-8\"\n}\nBody: {\n  \"msg\": \"Add Book operation failed, looks like the book already exists\"\n}\n\n\nhttps://on.cypress.io/request\n    at <unknown> (http://localhost:53372/__cypress/runner/cypress_runner.js:142607:80)\n    at tryCatcher (http://localhost:53372/__cypress/runner/cypress_runner.js:11327:23)\n    at Promise._settlePromiseFromHandler (http://localhost:53372/__cypress/runner/cypress_runner.js:9262:31)\n    at Promise._settlePromise (http://localhost:53372/__cypress/runner/cypress_runner.js:9319:18)\n    at Promise._settlePromise0 (http://localhost:53372/__cypress/runner/cypress_runner.js:9364:10)\n    at Promise._settlePromises (http://localhost:53372/__cypress/runner/cypress_runner.js:9444:18)\n    at _drainQueueStep (http://localhost:53372/__cypress/runner/cypress_runner.js:6034:12)\n    at _drainQueue (http://localhost:53372/__cypress/runner/cypress_runner.js:6027:9)\n    at ../../node_modules/bluebird/js/release/async.js.Async._drainQueues (http://localhost:53372/__cypress/runner/cypress_runner.js:6043:5)\n    at Async.drainQueues (http://localhost:53372/__cypress/runner/cypress_runner.js:5913:14)\nFrom Your Spec Code:\n    at Context.eval (webpack:///./cypress/integration/examples/APITests/APITestingWithCypress.js:9:7)",
                "diff": null
              },
              "uuid": "de87f8a9-55e8-49d8-b91b-0ba6c9395a1c",
              "parentUUID": "12789ad7-3504-4fcf-bf2f-ea7a9150ae73",
              "isHook": false,
              "skipped": false
            }
          ],
          "suites": [],
          "passes": [],
          "failures": [
            "de87f8a9-55e8-49d8-b91b-0ba6c9395a1c"
          ],
          "pending": [],
          "skipped": [],
          "duration": 816,
          "root": false,
          "rootEmpty": false,
          "_timeout": 2000
        }
      ],
      "passes": [],
      "failures": [],
      "pending": [],
      "skipped": [],
      "duration": 0,
      "root": true,
      "rootEmpty": true,
      "_timeout": 2000
    }
  ],
  "meta": {
    "mocha": {
      "version": "7.0.1"
    },
    "mochawesome": {
      "options": {
        "quiet": false,
        "reportFilename": "mochawesome",
        "saveHtml": true,
        "saveJson": true,
        "consoleReporter": "spec",
        "useInlineDiffs": false,
        "code": true
      },
      "version": "7.1.3"
    },
    "marge": {
      "options": null,
      "version": "6.2.0"
    }
  }
}